<?xml version="1.0" encoding="UTF-8"?>
<!-- Generated by org.testng.reporters.JUnitReportReporter -->
<testsuite hostname="QT-INBG-LT1002" failures="0" tests="14" name="mobileworld.Signup" time="72.513" errors="0" timestamp="2022-09-20T13:51:15 IST" skipped="0">
  <testcase classname="mobileworld.Signup" name="testdata" time="4.854"/>
  <system-out/>
  <testcase classname="mobileworld.Signup" name="testdata" time="4.852"/>
  <system-out/>
  <testcase classname="mobileworld.Signup" name="testdata" time="4.900"/>
  <system-out/>
  <testcase classname="mobileworld.Signup" name="testdata" time="4.663"/>
  <system-out/>
  <testcase classname="mobileworld.Signup" name="testdata" time="4.997"/>
  <system-out/>
  <testcase classname="mobileworld.Signup" name="testdata" time="5.004"/>
  <system-out/>
  <testcase classname="mobileworld.Signup" name="testdata" time="5.344"/>
  <system-out/>
  <testcase classname="mobileworld.Signup" name="testdata" time="7.036"/>
  <system-out/>
  <testcase classname="mobileworld.Signup" name="testdata" time="5.410"/>
  <system-out/>
  <testcase classname="mobileworld.Signup" name="testdata" time="4.948"/>
  <system-out/>
  <testcase classname="mobileworld.Signup" name="testdata" time="4.807"/>
  <system-out/>
  <testcase classname="mobileworld.Signup" name="testdata" time="5.553"/>
  <system-out/>
  <testcase classname="mobileworld.Signup" name="testdata" time="5.045"/>
  <system-out/>
  <testcase classname="mobileworld.Signup" name="testdata" time="5.100"/>
  <system-out/>
</testsuite> <!-- mobileworld.Signup -->
