<?xml version="1.0" encoding="UTF-8"?>
<!-- Generated by org.testng.reporters.JUnitReportReporter -->
<testsuite hostname="QT-INBG-LT1002" failures="0" tests="7" name="mobileworld.Allmobiles" time="40.364" errors="0" timestamp="2022-09-20T13:51:15 IST" skipped="0">
  <testcase classname="mobileworld.Allmobiles" name="launchBrowser" time="5.485"/>
  <system-out/>
  <testcase classname="mobileworld.Allmobiles" name="allMobiles" time="3.484"/>
  <system-out/>
  <testcase classname="mobileworld.Allmobiles" name="searchLenovo" time="6.220"/>
  <system-out/>
  <testcase classname="mobileworld.Allmobiles" name="searchSamsung" time="6.288"/>
  <system-out/>
  <testcase classname="mobileworld.Allmobiles" name="wrongApple" time="6.194"/>
  <system-out/>
  <testcase classname="mobileworld.Allmobiles" name="twoCharacter" time="6.281"/>
  <system-out/>
  <testcase classname="mobileworld.Allmobiles" name="order" time="6.412"/>
  <system-out/>
</testsuite> <!-- mobileworld.Allmobiles -->
